<?xml version="1.0" encoding="UTF-8"?>
<!-- Generated by org.testng.reporters.JUnitReportReporter -->
<testsuite hostname="DESKTOP-JILHI6G" failures="0" tests="1" name="driversFactory.DriverScript" time="78.045" errors="0" timestamp="2024-04-17T12:50:35 IST" skipped="0">
  <testcase classname="driversFactory.DriverScript" name="Starttest" time="78.045"/>
</testsuite> <!-- driversFactory.DriverScript -->
