<?xml version="1.0" encoding="UTF-8"?>
<!-- Generated by org.testng.reporters.JUnitReportReporter -->
<testsuite hostname="DESKTOP-JILHI6G" failures="0" tests="1" name="driversFactory.AppTest" time="3.311" errors="0" timestamp="2024-04-17T12:44:51 IST" skipped="0">
  <testcase classname="driversFactory.AppTest" name="Kickstart" time="3.311"/>
</testsuite> <!-- driversFactory.AppTest -->
